2025-10-24 14:37:INFO    AT utils_logger.py:105: Logging to file: C:\Users\binya\NorthWest\Capstone\capstone-nfl-game-predictor\project.log
2025-10-24 14:37:INFO    AT demo_module_basics.py:90: Starting demo_python() function.
2025-10-24 14:37:INFO    AT demo_module_basics.py:37: Name Python files with lowercase and underscores.
2025-10-24 14:37:INFO    AT demo_module_basics.py:38: In Python, comments start with a '#' symbol and are not executed.
2025-10-24 14:37:INFO    AT demo_module_basics.py:39: Comments can also be wrapped in triple single quotes or triple backticks.
2025-10-24 14:37:INFO    AT demo_module_basics.py:43: Variables are used to store values.
2025-10-24 14:37:INFO    AT demo_module_basics.py:44: Type hints are optional but recommended for clarity.
2025-10-24 14:37:INFO    AT demo_module_basics.py:45:   example_number = 42
2025-10-24 14:37:INFO    AT demo_module_basics.py:46:   count: int = 42
2025-10-24 14:37:INFO    AT demo_module_basics.py:47:   temp_F: float = 42.2
2025-10-24 14:37:INFO    AT demo_module_basics.py:48:   user_name: str = "Data Analyst"
2025-10-24 14:37:INFO    AT demo_module_basics.py:54: Result: example_number=42, count=42, temp_f=42.2, user_name='Data Analyst'.
2025-10-24 14:37:INFO    AT demo_module_basics.py:58: Functions in Python are blocks of reusable code.
2025-10-24 14:37:INFO    AT demo_module_basics.py:59: You can call a function by using its name followed by parentheses.
2025-10-24 14:37:INFO    AT demo_module_basics.py:60: We use f-strings to combine text and values in Python.
2025-10-24 14:37:INFO    AT demo_module_basics.py:61:   Put the 'f' immediately before the opening quote of the string text.
2025-10-24 14:37:INFO    AT demo_module_basics.py:65: Python has many built-in functions, like min(), max(), and len().
2025-10-24 14:37:INFO    AT demo_module_basics.py:70: For the list of numbers: [1, 2, 3]
2025-10-24 14:37:INFO    AT demo_module_basics.py:71:   The minimum value is min(numbers): 1
2025-10-24 14:37:INFO    AT demo_module_basics.py:72:   The maximum value is max(numbers): 3
2025-10-24 14:37:INFO    AT demo_module_basics.py:73:   The length of the list is len(numbers): 3
2025-10-24 14:37:INFO    AT demo_module_basics.py:78: In Python, indentation matters = True!
2025-10-24 14:37:INFO    AT demo_module_basics.py:79: In Python, spelling matters = True!
2025-10-24 14:37:INFO    AT demo_module_basics.py:80: In Python, uppercase/lowercase matters = True!
2025-10-24 14:37:INFO    AT demo_module_basics.py:96: Experiment with this demo script to learn the basics quickly.
2025-10-24 14:37:INFO    AT demo_module_basics.py:97: Exiting demo_python() function.
2025-11-02 19:31:INFO    AT utils_logger.py:105: Logging to file: C:\Users\binya\NorthWest\Capstone\capstone-nfl-game-predictor\project.log
2025-11-02 19:31:INFO    AT main.py:11: Starting NFL Game Predictor
2025-11-02 19:31:INFO    AT data_collector.py:19: Fetching data for years: [2023, 2024]
2025-11-02 19:32:INFO    AT data_collector.py:36: Saved weekly_stats.csv
2025-11-02 19:32:INFO    AT data_collector.py:36: Saved teams.csv
2025-11-02 19:34:INFO    AT utils_logger.py:105: Logging to file: C:\Users\binya\NorthWest\Capstone\capstone-nfl-game-predictor\project.log
2025-11-02 19:34:INFO    AT main.py:11: Starting NFL Game Predictor
2025-11-02 19:34:INFO    AT data_collector.py:19: Fetching data for years: [2023, 2024]
2025-11-02 19:34:INFO    AT data_collector.py:36: Saved weekly_stats.csv
2025-11-02 19:34:INFO    AT data_collector.py:36: Saved teams.csv
2025-11-02 19:34:INFO    AT data_cleaner.py:10: Shape: (11250, 53)
2025-11-02 19:34:INFO    AT data_cleaner.py:11: Columns: ['player_id', 'player_name', 'player_display_name', 'position', 'position_group', 'headshot_url', 'recent_team', 'season', 'week', 'season_type']
2025-11-02 19:34:INFO    AT data_collector.py:36: Saved weekly_features.csv
2025-11-02 19:34:INFO    AT main.py:24: Data collection complete
2025-11-02 19:35:INFO    AT utils_logger.py:105: Logging to file: C:\Users\binya\NorthWest\Capstone\capstone-nfl-game-predictor\project.log
2025-11-02 19:35:INFO    AT main.py:11: Starting NFL Game Predictor
2025-11-02 19:35:INFO    AT data_collector.py:12: Fetching games for years: [2023, 2024]
2025-11-02 19:35:INFO    AT data_collector.py:39: Saved games.csv
2025-11-02 19:35:INFO    AT data_collector.py:40: Shape: (570, 46), Columns: ['game_id', 'season', 'game_type', 'week', 'gameday']
2025-11-02 19:35:INFO    AT data_collector.py:39: Saved seasonal_stats.csv
2025-11-02 19:35:INFO    AT data_collector.py:40: Shape: (1195, 58), Columns: ['player_id', 'season', 'season_type', 'completions', 'attempts']
2025-11-02 19:35:INFO    AT main.py:20: Data collection complete
2025-11-02 19:37:INFO    AT utils_logger.py:105: Logging to file: C:\Users\binya\NorthWest\Capstone\capstone-nfl-game-predictor\project.log
2025-11-02 19:37:INFO    AT main.py:10: Starting NFL Game Predictor
2025-11-02 19:37:INFO    AT data_collector.py:11: Fetching games for years: [2023, 2024]
2025-11-02 19:37:INFO    AT data_collector.py:17: Game columns: ['game_id', 'season', 'game_type', 'week', 'gameday', 'weekday', 'gametime', 'away_team', 'away_score', 'home_team', 'home_score', 'location', 'result', 'total', 'overtime', 'old_game_id', 'gsis', 'nfl_detail_id', 'pfr', 'pff', 'espn', 'ftn', 'away_rest', 'home_rest', 'away_moneyline', 'home_moneyline', 'spread_line', 'away_spread_odds', 'home_spread_odds', 'total_line', 'under_odds', 'over_odds', 'div_game', 'roof', 'surface', 'temp', 'wind', 'away_qb_id', 'home_qb_id', 'away_qb_name', 'home_qb_name', 'away_coach', 'home_coach', 'referee', 'stadium_id', 'stadium']
2025-11-02 19:37:INFO    AT data_collector.py:22: Sample game: {'home_team': 'KC', 'away_team': 'DET', 'home_score': 20.0, 'away_score': 21.0, 'week': 1}
2025-11-02 19:37:INFO    AT data_collector.py:30: Saved games.csv
2025-11-02 19:37:INFO    AT main.py:19: Total games: 570
2025-11-02 19:37:INFO    AT main.py:20: Games with scores: 570
2025-11-02 19:37:INFO    AT main.py:22: Data collection complete
2025-11-02 19:39:INFO    AT utils_logger.py:105: Logging to file: C:\Users\binya\NorthWest\Capstone\capstone-nfl-game-predictor\project.log
2025-11-02 19:39:INFO    AT main.py:12: Starting NFL Game Predictor
2025-11-02 19:39:INFO    AT data_collector.py:11: Fetching games for years: [2023, 2024]
2025-11-02 19:39:INFO    AT data_collector.py:17: Game columns: ['game_id', 'season', 'game_type', 'week', 'gameday', 'weekday', 'gametime', 'away_team', 'away_score', 'home_team', 'home_score', 'location', 'result', 'total', 'overtime', 'old_game_id', 'gsis', 'nfl_detail_id', 'pfr', 'pff', 'espn', 'ftn', 'away_rest', 'home_rest', 'away_moneyline', 'home_moneyline', 'spread_line', 'away_spread_odds', 'home_spread_odds', 'total_line', 'under_odds', 'over_odds', 'div_game', 'roof', 'surface', 'temp', 'wind', 'away_qb_id', 'home_qb_id', 'away_qb_name', 'home_qb_name', 'away_coach', 'home_coach', 'referee', 'stadium_id', 'stadium']
2025-11-02 19:39:INFO    AT data_collector.py:22: Sample game: {'home_team': 'KC', 'away_team': 'DET', 'home_score': 20.0, 'away_score': 21.0, 'week': 1}
2025-11-02 19:39:INFO    AT data_cleaner.py:27: Created features. Shape: (570, 51)
2025-11-02 19:39:INFO    AT data_collector.py:30: Saved games_with_features.csv
2025-11-02 19:39:INFO    AT data_cleaner.py:42: Training data ready: 534 games
2025-11-02 19:39:INFO    AT model_builder.py:24: Model Accuracy: 69.16%
2025-11-02 19:39:INFO    AT model_builder.py:25: Baseline (always predict home): 57.01%
2025-11-02 19:39:INFO    AT main.py:27: Model training complete
